2023-05-20 10:41:45.007 [info] Reading sessions from keychain...
2023-05-20 10:41:45.007 [info] Getting sessions for all scopes...
2023-05-20 10:41:45.007 [info] Getting sessions for user:email...
2023-05-20 10:41:45.007 [info] Got 0 sessions for ...
2023-05-20 10:41:45.007 [info] Got 0 sessions for user:email...
2023-05-20 10:41:45.196 [info] Getting sessions for all scopes...
2023-05-20 10:41:45.196 [info] Got 0 sessions for ...
2023-05-20 11:46:47.168 [info] Getting sessions for read:user,repo,user:email,workflow...
2023-05-20 11:46:47.168 [info] Got 0 sessions for read:user,repo,user:email,workflow...
2023-05-20 11:46:50.712 [info] Logging in for the following scopes: read:user repo user:email workflow
2023-05-20 11:46:50.724 [info] Trying without local server... (read:user repo user:email workflow)
2023-05-20 11:47:05.607 [info] Exchanging code for token...
2023-05-20 11:47:07.024 [info] Token exchange success!
2023-05-20 11:47:07.035 [info] Getting user info...
2023-05-20 11:47:07.641 [info] Got account info!
2023-05-20 11:47:07.644 [info] Storing 1 sessions...
2023-05-20 11:47:07.711 [info] Reading sessions from keychain...
2023-05-20 11:47:07.712 [info] Stored 1 sessions!
2023-05-20 11:47:07.712 [info] Login success!
2023-05-20 11:47:07.714 [info] Getting sessions for user:email...
2023-05-20 11:47:07.719 [info] Got stored sessions!
2023-05-20 11:47:07.719 [info] Got 1 verified sessions.
2023-05-20 11:47:07.719 [info] Got 0 sessions for user:email...
2023-05-20 11:47:08.158 [info] Getting user info...
2023-05-20 11:47:08.438 [info] Got account info!
2023-05-20 12:22:33.257 [info] Getting sessions for read:user,repo,user:email,workflow...
2023-05-20 12:22:33.257 [info] Got 1 sessions for read:user,repo,user:email,workflow...
