2023-05-20 13:10:06.564 [info] Reading sessions from keychain...
2023-05-20 13:10:06.564 [info] Getting sessions for all scopes...
2023-05-20 13:10:06.564 [info] Getting sessions for user:email...
2023-05-20 13:10:06.564 [info] Got stored sessions!
2023-05-20 13:10:06.564 [info] Got 1 verified sessions.
2023-05-20 13:10:06.564 [info] Got 1 sessions for ...
2023-05-20 13:10:06.564 [info] Got 0 sessions for user:email...
2023-05-20 13:10:06.763 [info] Getting sessions for all scopes...
2023-05-20 13:10:06.763 [info] Got 1 sessions for ...
2023-05-20 13:10:08.588 [info] Getting user info...
2023-05-20 13:10:08.841 [info] Got account info!
2023-05-20 13:10:20.852 [info] Getting sessions for all scopes...
2023-05-20 13:10:20.852 [info] Got 1 sessions for ...
2023-05-20 13:10:23.794 [info] Logging out of 8e899587a5b490cf
2023-05-20 13:10:23.795 [info] Storing 0 sessions...
2023-05-20 13:10:23.828 [info] Reading sessions from keychain...
2023-05-20 13:10:23.828 [info] Stored 0 sessions!
2023-05-20 13:10:23.830 [info] Getting sessions for user:email...
2023-05-20 13:10:23.833 [info] Got stored sessions!
2023-05-20 13:10:23.833 [info] Got 0 verified sessions.
2023-05-20 13:10:23.833 [info] Got 0 sessions for user:email...
