2023-08-24 21:01:51.750 [info] Log level: Info
2023-08-24 21:01:51.750 [info] Validating found git in: "git"
2023-08-24 21:01:51.750 [info] Using git "1.8.3.1" from "git"
2023-08-24 21:01:51.750 [info] > git rev-parse --show-toplevel [11ms]
2023-08-24 21:01:51.750 [info] fatal: Not a git repository (or any parent up to mount point /home)
Stopping at filesystem boundary (GIT_DISCOVERY_ACROSS_FILESYSTEM not set).
2023-08-24 21:01:51.825 [info] > git rev-parse --show-toplevel [1ms]
2023-08-24 21:01:51.825 [info] fatal: Not a git repository (or any parent up to mount point /home)
Stopping at filesystem boundary (GIT_DISCOVERY_ACROSS_FILESYSTEM not set).
2023-08-24 21:01:52.304 [info] > git rev-parse --show-toplevel [1ms]
2023-08-24 21:01:52.304 [info] fatal: Not a git repository (or any parent up to mount point /home)
Stopping at filesystem boundary (GIT_DISCOVERY_ACROSS_FILESYSTEM not set).
2023-08-24 21:01:53.508 [info] > git rev-parse --show-toplevel [5ms]
2023-08-24 21:01:53.508 [info] fatal: Not a git repository (or any parent up to mount point /home)
Stopping at filesystem boundary (GIT_DISCOVERY_ACROSS_FILESYSTEM not set).
2023-08-24 21:02:37.783 [info] > git rev-parse --show-toplevel [2ms]
2023-08-24 21:02:37.783 [info] fatal: Not a git repository (or any parent up to mount point /home)
Stopping at filesystem boundary (GIT_DISCOVERY_ACROSS_FILESYSTEM not set).
2023-08-24 21:05:22.175 [info] > git rev-parse --show-toplevel [15ms]
2023-08-24 21:05:22.175 [info] fatal: Not a git repository (or any parent up to mount point /home)
Stopping at filesystem boundary (GIT_DISCOVERY_ACROSS_FILESYSTEM not set).
