2023-05-20 10:41:42.994 [info] Added views:workbench.panel.markers.view in workbench.panel.markers
2023-05-20 10:41:42.994 [info] Added views:workbench.panel.output in workbench.panel.output
2023-05-20 10:41:42.994 [info] Added views:terminal in terminal
2023-05-20 10:41:42.994 [info] Added views:outline in workbench.view.explorer
2023-05-20 10:41:42.994 [info] Added views:workbench.scm in workbench.view.scm
2023-05-20 10:41:42.994 [info] Added views:workbench.view.search in workbench.view.search
2023-05-20 10:41:42.994 [info] Added views:timeline in workbench.view.explorer
2023-05-20 10:41:42.994 [info] Added views:workbench.explorer.fileView in workbench.view.explorer
2023-05-20 10:41:43.335 [info] Added views:workbench.debug.variablesView,workbench.debug.watchExpressionsView,workbench.debug.callStackView,workbench.debug.breakPointsView in workbench.view.debug
2023-05-20 10:41:44.268 [info] Added views:workbench.panel.repl.view in workbench.panel.repl
2023-05-20 10:41:44.273 [info] Removed views:workbench.debug.breakPointsView,workbench.debug.callStackView,workbench.debug.watchExpressionsView,workbench.debug.variablesView from workbench.view.debug
2023-05-20 10:41:44.273 [info] Added views:workbench.debug.welcome in workbench.view.debug
2023-05-20 10:54:45.047 [info] Added views:workbench.views.extensions.installed,workbench.views.extensions.popular,extensions.recommendedList in workbench.view.extensions
2023-05-20 10:54:45.063 [info] Removed views:workbench.views.extensions.popular from workbench.view.extensions
2023-05-20 10:54:45.506 [info] Added views:workbench.views.extensions.popular in workbench.view.extensions
2023-05-20 12:10:23.977 [info] Added views:workbench.debug.breakPointsView in workbench.view.debug
2023-05-20 12:10:27.344 [info] Removed views:extensions.recommendedList,workbench.views.extensions.popular,workbench.views.extensions.installed from workbench.view.extensions
2023-05-20 12:10:27.372 [info] Added views:workbench.views.extensions.marketplace in workbench.view.extensions
2023-05-20 12:10:51.660 [info] Added views:workbench.view.testing in workbench.view.extension.test
2023-05-20 12:50:41.961 [info] Removed views:workbench.view.testing from workbench.view.extension.test
